<?xml version="1.0" encoding="UTF-8"?>
<!-- Generated by org.testng.reporters.JUnitReportReporter -->
<testsuite hostname="ustjava144" failures="0" tests="7" name="TestNGPractice.NewTestClassEx3" time="31.579" errors="0" timestamp="2021-11-01T14:45:51 GMT+05:30" skipped="0">
  <testcase classname="TestNGPractice.NewTestClassEx3" name="register" time="0.917"/>
  <system-out/>
  <testcase classname="TestNGPractice.NewTestClassEx3" name="text" time="0.032"/>
  <system-out/>
  <testcase classname="TestNGPractice.NewTestClassEx3" name="addContactInformation" time="12.555"/>
  <system-out/>
  <testcase classname="TestNGPractice.NewTestClassEx3" name="scrollDownWebpage" time="3.020"/>
  <system-out/>
  <testcase classname="TestNGPractice.NewTestClassEx3" name="mailingInformation" time="4.523"/>
  <system-out/>
  <testcase classname="TestNGPractice.NewTestClassEx3" name="dropDown" time="6.230"/>
  <system-out/>
  <testcase classname="TestNGPractice.NewTestClassEx3" name="userinfo" time="4.302"/>
  <system-out/>
</testsuite> <!-- TestNGPractice.NewTestClassEx3 -->
