<?xml version="1.0" encoding="UTF-8"?>
<!-- Generated by org.testng.reporters.JUnitReportReporter -->
<testsuite hostname="ustjava144" failures="0" tests="2" name="TestNGPractice.TestNGClassEx2" time="3.288" errors="0" timestamp="2021-10-28T09:18:35 GMT+05:30" skipped="0">
  <testcase classname="TestNGPractice.TestNGClassEx2" name="register" time="1.806"/>
  <system-out/>
  <testcase classname="TestNGPractice.TestNGClassEx2" name="support" time="1.482"/>
  <system-out/>
</testsuite> <!-- TestNGPractice.TestNGClassEx2 -->
