<?xml version="1.0" encoding="UTF-8"?>
<!-- Generated by org.testng.reporters.JUnitReportReporter -->
<testsuite hostname="ustjava144" failures="0" tests="1" name="TestNGPractice.TestNGClassEx1" time="4.204" errors="0" timestamp="2021-10-27T15:13:14 GMT+05:30" skipped="0">
  <testcase classname="TestNGPractice.TestNGClassEx1" name="calculatorPercent" time="4.204"/>
  <system-out/>
</testsuite> <!-- TestNGPractice.TestNGClassEx1 -->
